2026-03-30 03:37:39,797 - freqtrade - INFO - freqtrade 2026.2
2026-03-30 03:37:42,255 - freqtrade.worker - INFO - Starting worker 2026.2
2026-03-30 03:37:42,255 - freqtrade.configuration.load_config - INFO - Using config: .\config.json ...
2026-03-30 03:37:42,256 - freqtrade.configuration.environment_vars - INFO - Loading variable 'FREQTRADE__API_SERVER__JWT_SECRET_KEY'
2026-03-30 03:37:42,256 - freqtrade.configuration.environment_vars - INFO - Key parts: ['API_SERVER', 'JWT_SECRET_KEY']
2026-03-30 03:37:42,256 - freqtrade.configuration.environment_vars - INFO - Loading variable 'FREQTRADE__API_SERVER__PASSWORD'
2026-03-30 03:37:42,258 - freqtrade.configuration.environment_vars - INFO - Key parts: ['API_SERVER', 'PASSWORD']
2026-03-30 03:37:42,258 - freqtrade.configuration.environment_vars - INFO - Loading variable 'FREQTRADE__API_SERVER__USERNAME'
2026-03-30 03:37:42,258 - freqtrade.configuration.environment_vars - INFO - Key parts: ['API_SERVER', 'USERNAME']
2026-03-30 03:37:42,259 - freqtrade.configuration.environment_vars - INFO - Loading variable 'FREQTRADE__TELEGRAM__TOKEN'
2026-03-30 03:37:42,259 - freqtrade.configuration.environment_vars - INFO - Key parts: ['TELEGRAM', 'TOKEN']
2026-03-30 03:37:42,261 - freqtrade.loggers - INFO - Enabling colorized output.
2026-03-30 03:37:42,261 - freqtrade.loggers - INFO - Logfile configured
2026-03-30 03:37:42,261 - freqtrade.loggers - INFO - Verbosity set to 0
2026-03-30 03:37:42,261 - freqtrade.configuration.configuration - INFO - Runmode set to dry_run.
2026-03-30 03:37:42,261 - freqtrade.configuration.configuration - INFO - Dry run is enabled
2026-03-30 03:37:42,263 - freqtrade.configuration.configuration - INFO - Using DB: "sqlite:///tradesv3.dryrun.sqlite"
2026-03-30 03:37:42,263 - freqtrade.configuration.configuration - INFO - Using max_open_trades: 3 ...
2026-03-30 03:37:42,264 - freqtrade.configuration.configuration - INFO - Using user-data directory: H:\ai binance\user_data ...
2026-03-30 03:37:42,265 - freqtrade.configuration.configuration - INFO - Using data directory: H:\ai binance\user_data\data\bitget ...
2026-03-30 03:37:42,266 - freqtrade.exchange.check_exchange - INFO - Checking exchange...
2026-03-30 03:37:42,274 - freqtrade.exchange.check_exchange - INFO - Exchange "bitget" is officially supported by the Freqtrade development team.
2026-03-30 03:37:42,274 - freqtrade.configuration.configuration - INFO - Using pairlist from configuration.
2026-03-30 03:37:42,275 - freqtrade.exchange.exchange - INFO - Instance is running with dry_run enabled
2026-03-30 03:37:42,275 - freqtrade.exchange.exchange - INFO - Using CCXT 4.5.45
2026-03-30 03:37:42,290 - freqtrade.exchange.exchange - INFO - Using Exchange "Bitget"
2026-03-30 03:37:44,247 - freqtrade.resolvers.exchange_resolver - INFO - Using resolved exchange 'Bitget'...
2026-03-30 03:37:44,250 - freqtrade.resolvers.iresolver - INFO - Using resolved strategy OllamaHybridStrategy from 'H:\ai binance\user_data\strategies\OllamaHybridStrategy.py'...
2026-03-30 03:37:44,251 - freqtrade.strategy.hyper - INFO - Found no parameter file.
2026-03-30 03:37:44,251 - freqtrade.resolvers.strategy_resolver - INFO - Override strategy 'stake_currency' with value from the configuration: USDC.
2026-03-30 03:37:44,252 - freqtrade.resolvers.strategy_resolver - INFO - Override strategy 'stake_amount' with value from the configuration: 15.
2026-03-30 03:37:44,252 - freqtrade.resolvers.strategy_resolver - INFO - Override strategy 'unfilledtimeout' with value from the configuration: {'entry': 10, 'exit': 30}.
2026-03-30 03:37:44,252 - freqtrade.resolvers.strategy_resolver - INFO - Override strategy 'max_open_trades' with value from the configuration: 3.
2026-03-30 03:37:44,253 - freqtrade.resolvers.strategy_resolver - INFO - Strategy using minimal_roi: {'0': 0.05}
2026-03-30 03:37:44,253 - freqtrade.resolvers.strategy_resolver - INFO - Strategy using timeframe: 5m
2026-03-30 03:37:44,253 - freqtrade.resolvers.strategy_resolver - INFO - Strategy using stoploss: -0.1
2026-03-30 03:37:44,254 - freqtrade.resolvers.strategy_resolver - INFO - Strategy using trailing_stop: False
2026-03-30 03:37:44,254 - freqtrade.resolvers.strategy_resolver - INFO - Strategy using trailing_stop_positive_offset: 0.0
2026-03-30 03:37:44,255 - freqtrade.resolvers.strategy_resolver - INFO - Strategy using trailing_only_offset_is_reached: False
2026-03-30 03:37:44,255 - freqtrade.resolvers.strategy_resolver - INFO - Strategy using use_custom_stoploss: False
2026-03-30 03:37:44,255 - freqtrade.resolvers.strategy_resolver - INFO - Strategy using process_only_new_candles: True
2026-03-30 03:37:44,256 - freqtrade.resolvers.strategy_resolver - INFO - Strategy using order_types: {'entry': 'limit', 'exit': 'limit', 'stoploss': 'limit', 'stoploss_on_exchange': False, 
'stoploss_on_exchange_interval': 60}
2026-03-30 03:37:44,256 - freqtrade.resolvers.strategy_resolver - INFO - Strategy using order_time_in_force: {'entry': 'GTC', 'exit': 'GTC'}
2026-03-30 03:37:44,256 - freqtrade.resolvers.strategy_resolver - INFO - Strategy using stake_currency: USDC
2026-03-30 03:37:44,256 - freqtrade.resolvers.strategy_resolver - INFO - Strategy using stake_amount: 15
2026-03-30 03:37:44,256 - freqtrade.resolvers.strategy_resolver - INFO - Strategy using startup_candle_count: 20
2026-03-30 03:37:44,258 - freqtrade.resolvers.strategy_resolver - INFO - Strategy using unfilledtimeout: {'entry': 10, 'exit': 30}
2026-03-30 03:37:44,258 - freqtrade.resolvers.strategy_resolver - INFO - Strategy using use_exit_signal: True
2026-03-30 03:37:44,258 - freqtrade.resolvers.strategy_resolver - INFO - Strategy using exit_profit_only: False
2026-03-30 03:37:44,259 - freqtrade.resolvers.strategy_resolver - INFO - Strategy using ignore_roi_if_entry_signal: False
2026-03-30 03:37:44,259 - freqtrade.resolvers.strategy_resolver - INFO - Strategy using exit_profit_offset: 0.0
2026-03-30 03:37:44,259 - freqtrade.resolvers.strategy_resolver - INFO - Strategy using disable_dataframe_checks: False
2026-03-30 03:37:44,259 - freqtrade.resolvers.strategy_resolver - INFO - Strategy using ignore_buying_expired_candle_after: 0
2026-03-30 03:37:44,260 - freqtrade.resolvers.strategy_resolver - INFO - Strategy using position_adjustment_enable: False
2026-03-30 03:37:44,260 - freqtrade.resolvers.strategy_resolver - INFO - Strategy using max_entry_position_adjustment: -1
2026-03-30 03:37:44,260 - freqtrade.resolvers.strategy_resolver - INFO - Strategy using max_open_trades: 3
2026-03-30 03:37:44,260 - freqtrade.configuration.config_validation - INFO - Validating configuration ...
2026-03-30 03:37:44,316 - freqtrade.wallets - INFO - Wallets synced.
2026-03-30 03:37:44,714 - freqtrade.rpc.rpc_manager - INFO - Enabling rpc.telegram ...
2026-03-30 03:37:44,972 - freqtrade.rpc.rpc_manager - INFO - Enabling rpc.api_server
2026-03-30 03:37:45,232 - freqtrade.rpc.api_server.webserver - INFO - Starting HTTP Server at 127.0.0.1:8080
2026-03-30 03:37:45,233 - freqtrade.rpc.api_server.webserver - INFO - Starting Local Rest Server.
2026-03-30 03:37:45,254 - uvicorn.error - INFO - Started server process [8280]
2026-03-30 03:37:45,254 - uvicorn.error - INFO - Waiting for application startup.
2026-03-30 03:37:45,254 - uvicorn.error - INFO - Application startup complete.
2026-03-30 03:37:45,256 - uvicorn.error - ERROR - [Errno 10048] error while attempting to bind on address ('127.0.0.1', 8080): [winerror 10048] di norma Þ consentito un solo utilizzo di ogni indirizzo
di socket (protocollo/indirizzo di rete/porta)
2026-03-30 03:37:45,257 - uvicorn.error - INFO - Waiting for application shutdown.
2026-03-30 03:37:45,257 - uvicorn.error - INFO - Application shutdown complete.
2026-03-30 03:37:45,796 - freqtrade.rpc.telegram - INFO - rpc.telegram is listening for following commands: [['status'], ['profit'], ['balance'], ['start'], ['stop'], ['forceexit', 'forcesell', 'fx'],
['forcebuy', 'forcelong'], ['forceshort'], ['reload_trade'], ['trades'], ['delete'], ['cancel_open_order', 'coo'], ['performance'], ['buys', 'entries'], ['exits', 'sells'], ['mix_tags'], ['stats'], 
['daily'], ['weekly'], ['monthly'], ['count'], ['locks'], ['delete_locks', 'unlock'], ['reload_conf', 'reload_config'], ['show_conf', 'show_config'], ['pause', 'stopbuy', 'stopentry'], ['whitelist'], 
['blacklist'], ['bl_delete', 'blacklist_delete'], ['logs'], ['health'], ['help'], ['version'], ['marketdir'], ['order'], ['list_custom_data'], ['tg_info'], ['profit_long'], ['profit_short']]
2026-03-30 03:37:45,926 - telegram.ext.Application - INFO - Application started
2026-03-30 03:37:50,137 - telegram.ext.Updater - ERROR - Exception happened while polling for updates.
Traceback (most recent call last):
  File "H:\ai binance\.venv\Lib\site-packages\telegram\ext\_utils\networkloop.py", line 161, in network_retry_loop
    await do_action()
  File "H:\ai binance\.venv\Lib\site-packages\telegram\ext\_utils\networkloop.py", line 154, in do_action
    action_cb_task.result()
  File "H:\ai binance\.venv\Lib\site-packages\telegram\ext\_updater.py", line 340, in polling_action_cb
    updates = await self.bot.get_updates(
              ^^^^^^^^^^^^^^^^^^^^^^^^^^^
  File "H:\ai binance\.venv\Lib\site-packages\telegram\ext\_extbot.py", line 672, in get_updates
    updates = await super().get_updates(
              ^^^^^^^^^^^^^^^^^^^^^^^^^^
  File "H:\ai binance\.venv\Lib\site-packages\telegram\_bot.py", line 4865, in get_updates
    await self._post(
  File "H:\ai binance\.venv\Lib\site-packages\telegram\_bot.py", line 704, in _post
    return await self._do_post(
           ^^^^^^^^^^^^^^^^^^^^
  File "H:\ai binance\.venv\Lib\site-packages\telegram\ext\_extbot.py", line 370, in _do_post
    return await super()._do_post(
           ^^^^^^^^^^^^^^^^^^^^^^^
  File "H:\ai binance\.venv\Lib\site-packages\telegram\_bot.py", line 733, in _do_post
    result = await request.post(
             ^^^^^^^^^^^^^^^^^^^
  File "H:\ai binance\.venv\Lib\site-packages\telegram\request\_baserequest.py", line 198, in post
    result = await self._request_wrapper(
             ^^^^^^^^^^^^^^^^^^^^^^^^^^^^
  File "H:\ai binance\.venv\Lib\site-packages\telegram\request\_baserequest.py", line 375, in _request_wrapper
    raise exception
telegram.error.Conflict: Conflict: terminated by other getUpdates request; make sure that only one bot instance is running
2026-03-30 03:37:55,727 - telegram.ext.Updater - ERROR - Exception happened while polling for updates.
Traceback (most recent call last):
  File "H:\ai binance\.venv\Lib\site-packages\telegram\ext\_utils\networkloop.py", line 161, in network_retry_loop
    await do_action()
  File "H:\ai binance\.venv\Lib\site-packages\telegram\ext\_utils\networkloop.py", line 154, in do_action
    action_cb_task.result()
  File "H:\ai binance\.venv\Lib\site-packages\telegram\ext\_updater.py", line 340, in polling_action_cb
    updates = await self.bot.get_updates(
              ^^^^^^^^^^^^^^^^^^^^^^^^^^^
  File "H:\ai binance\.venv\Lib\site-packages\telegram\ext\_extbot.py", line 672, in get_updates
    updates = await super().get_updates(
              ^^^^^^^^^^^^^^^^^^^^^^^^^^
  File "H:\ai binance\.venv\Lib\site-packages\telegram\_bot.py", line 4865, in get_updates
    await self._post(
  File "H:\ai binance\.venv\Lib\site-packages\telegram\_bot.py", line 704, in _post
    return await self._do_post(
           ^^^^^^^^^^^^^^^^^^^^
  File "H:\ai binance\.venv\Lib\site-packages\telegram\ext\_extbot.py", line 370, in _do_post
    return await super()._do_post(
           ^^^^^^^^^^^^^^^^^^^^^^^
  File "H:\ai binance\.venv\Lib\site-packages\telegram\_bot.py", line 733, in _do_post
    result = await request.post(
             ^^^^^^^^^^^^^^^^^^^
  File "H:\ai binance\.venv\Lib\site-packages\telegram\request\_baserequest.py", line 198, in post
    result = await self._request_wrapper(
             ^^^^^^^^^^^^^^^^^^^^^^^^^^^^
  File "H:\ai binance\.venv\Lib\site-packages\telegram\request\_baserequest.py", line 375, in _request_wrapper
    raise exception
telegram.error.Conflict: Conflict: terminated by other getUpdates request; make sure that only one bot instance is running
2026-03-30 03:38:02,585 - telegram.ext.Updater - ERROR - Exception happened while polling for updates.
Traceback (most recent call last):
  File "H:\ai binance\.venv\Lib\site-packages\telegram\ext\_utils\networkloop.py", line 161, in network_retry_loop
    await do_action()
  File "H:\ai binance\.venv\Lib\site-packages\telegram\ext\_utils\networkloop.py", line 154, in do_action
    action_cb_task.result()
  File "H:\ai binance\.venv\Lib\site-packages\telegram\ext\_updater.py", line 340, in polling_action_cb
    updates = await self.bot.get_updates(
              ^^^^^^^^^^^^^^^^^^^^^^^^^^^
  File "H:\ai binance\.venv\Lib\site-packages\telegram\ext\_extbot.py", line 672, in get_updates
    updates = await super().get_updates(
              ^^^^^^^^^^^^^^^^^^^^^^^^^^
  File "H:\ai binance\.venv\Lib\site-packages\telegram\_bot.py", line 4865, in get_updates
    await self._post(
  File "H:\ai binance\.venv\Lib\site-packages\telegram\_bot.py", line 704, in _post
    return await self._do_post(
           ^^^^^^^^^^^^^^^^^^^^
  File "H:\ai binance\.venv\Lib\site-packages\telegram\ext\_extbot.py", line 370, in _do_post
    return await super()._do_post(
           ^^^^^^^^^^^^^^^^^^^^^^^
  File "H:\ai binance\.venv\Lib\site-packages\telegram\_bot.py", line 733, in _do_post
    result = await request.post(
             ^^^^^^^^^^^^^^^^^^^
  File "H:\ai binance\.venv\Lib\site-packages\telegram\request\_baserequest.py", line 198, in post
    result = await self._request_wrapper(
             ^^^^^^^^^^^^^^^^^^^^^^^^^^^^
  File "H:\ai binance\.venv\Lib\site-packages\telegram\request\_baserequest.py", line 375, in _request_wrapper
    raise exception
telegram.error.Conflict: Conflict: terminated by other getUpdates request; make sure that only one bot instance is running
2026-03-30 03:38:08,324 - telegram.ext.Updater - ERROR - Exception happened while polling for updates.
Traceback (most recent call last):
  File "H:\ai binance\.venv\Lib\site-packages\telegram\ext\_utils\networkloop.py", line 161, in network_retry_loop
    await do_action()
  File "H:\ai binance\.venv\Lib\site-packages\telegram\ext\_utils\networkloop.py", line 154, in do_action
    action_cb_task.result()
  File "H:\ai binance\.venv\Lib\site-packages\telegram\ext\_updater.py", line 340, in polling_action_cb
    updates = await self.bot.get_updates(
              ^^^^^^^^^^^^^^^^^^^^^^^^^^^
  File "H:\ai binance\.venv\Lib\site-packages\telegram\ext\_extbot.py", line 672, in get_updates
    updates = await super().get_updates(
              ^^^^^^^^^^^^^^^^^^^^^^^^^^
  File "H:\ai binance\.venv\Lib\site-packages\telegram\_bot.py", line 4865, in get_updates
    await self._post(
  File "H:\ai binance\.venv\Lib\site-packages\telegram\_bot.py", line 704, in _post
    return await self._do_post(
           ^^^^^^^^^^^^^^^^^^^^
  File "H:\ai binance\.venv\Lib\site-packages\telegram\ext\_extbot.py", line 370, in _do_post
    return await super()._do_post(
           ^^^^^^^^^^^^^^^^^^^^^^^
  File "H:\ai binance\.venv\Lib\site-packages\telegram\_bot.py", line 733, in _do_post
    result = await request.post(
             ^^^^^^^^^^^^^^^^^^^
  File "H:\ai binance\.venv\Lib\site-packages\telegram\request\_baserequest.py", line 198, in post
    result = await self._request_wrapper(
             ^^^^^^^^^^^^^^^^^^^^^^^^^^^^
  File "H:\ai binance\.venv\Lib\site-packages\telegram\request\_baserequest.py", line 375, in _request_wrapper
    raise exception
telegram.error.Conflict: Conflict: terminated by other getUpdates request; make sure that only one bot instance is running
2026-03-30 03:38:16,966 - telegram.ext.Updater - ERROR - Exception happened while polling for updates.
Traceback (most recent call last):
  File "H:\ai binance\.venv\Lib\site-packages\telegram\ext\_utils\networkloop.py", line 161, in network_retry_loop
    await do_action()
  File "H:\ai binance\.venv\Lib\site-packages\telegram\ext\_utils\networkloop.py", line 154, in do_action
    action_cb_task.result()
  File "H:\ai binance\.venv\Lib\site-packages\telegram\ext\_updater.py", line 340, in polling_action_cb
    updates = await self.bot.get_updates(
              ^^^^^^^^^^^^^^^^^^^^^^^^^^^
  File "H:\ai binance\.venv\Lib\site-packages\telegram\ext\_extbot.py", line 672, in get_updates
    updates = await super().get_updates(
              ^^^^^^^^^^^^^^^^^^^^^^^^^^
  File "H:\ai binance\.venv\Lib\site-packages\telegram\_bot.py", line 4865, in get_updates
    await self._post(
  File "H:\ai binance\.venv\Lib\site-packages\telegram\_bot.py", line 704, in _post
    return await self._do_post(
           ^^^^^^^^^^^^^^^^^^^^
  File "H:\ai binance\.venv\Lib\site-packages\telegram\ext\_extbot.py", line 370, in _do_post
    return await super()._do_post(
           ^^^^^^^^^^^^^^^^^^^^^^^
  File "H:\ai binance\.venv\Lib\site-packages\telegram\_bot.py", line 733, in _do_post
    result = await request.post(
             ^^^^^^^^^^^^^^^^^^^
  File "H:\ai binance\.venv\Lib\site-packages\telegram\request\_baserequest.py", line 198, in post
    result = await self._request_wrapper(
             ^^^^^^^^^^^^^^^^^^^^^^^^^^^^
  File "H:\ai binance\.venv\Lib\site-packages\telegram\request\_baserequest.py", line 375, in _request_wrapper
    raise exception
telegram.error.Conflict: Conflict: terminated by other getUpdates request; make sure that only one bot instance is running
2026-03-30 03:38:29,861 - telegram.ext.Updater - ERROR - Exception happened while polling for updates.
Traceback (most recent call last):
  File "H:\ai binance\.venv\Lib\site-packages\telegram\ext\_utils\networkloop.py", line 161, in network_retry_loop
    await do_action()
  File "H:\ai binance\.venv\Lib\site-packages\telegram\ext\_utils\networkloop.py", line 154, in do_action
    action_cb_task.result()
  File "H:\ai binance\.venv\Lib\site-packages\telegram\ext\_updater.py", line 340, in polling_action_cb
    updates = await self.bot.get_updates(
              ^^^^^^^^^^^^^^^^^^^^^^^^^^^
  File "H:\ai binance\.venv\Lib\site-packages\telegram\ext\_extbot.py", line 672, in get_updates
    updates = await super().get_updates(
              ^^^^^^^^^^^^^^^^^^^^^^^^^^
  File "H:\ai binance\.venv\Lib\site-packages\telegram\_bot.py", line 4865, in get_updates
    await self._post(
  File "H:\ai binance\.venv\Lib\site-packages\telegram\_bot.py", line 704, in _post
    return await self._do_post(
           ^^^^^^^^^^^^^^^^^^^^
  File "H:\ai binance\.venv\Lib\site-packages\telegram\ext\_extbot.py", line 370, in _do_post
    return await super()._do_post(
           ^^^^^^^^^^^^^^^^^^^^^^^
  File "H:\ai binance\.venv\Lib\site-packages\telegram\_bot.py", line 733, in _do_post
    result = await request.post(
             ^^^^^^^^^^^^^^^^^^^
  File "H:\ai binance\.venv\Lib\site-packages\telegram\request\_baserequest.py", line 198, in post
    result = await self._request_wrapper(
             ^^^^^^^^^^^^^^^^^^^^^^^^^^^^
  File "H:\ai binance\.venv\Lib\site-packages\telegram\request\_baserequest.py", line 375, in _request_wrapper
    raise exception
telegram.error.Conflict: Conflict: terminated by other getUpdates request; make sure that only one bot instance is running
