2026-03-30 02:45:57,463 - freqtrade.loggers - INFO - Enabling colorized output.
2026-03-30 02:45:57,464 - freqtrade.loggers - INFO - Logfile configured
2026-03-30 02:45:57,464 - freqtrade.loggers - INFO - Verbosity set to 1
2026-03-30 02:45:57,465 - freqtrade.configuration.configuration - INFO - Runmode set to dry_run.
2026-03-30 02:45:57,465 - freqtrade.configuration.configuration - INFO - Dry run is enabled
2026-03-30 02:45:57,466 - freqtrade.configuration.configuration - INFO - Using DB: "sqlite:///tradesv3.dryrun.sqlite"
2026-03-30 02:45:57,466 - freqtrade.configuration.configuration - INFO - Using max_open_trades: 3 ...
2026-03-30 02:45:57,468 - freqtrade.configuration.configuration - INFO - Using user-data directory: H:\ai binance\user_data ...
2026-03-30 02:45:57,468 - freqtrade.configuration.configuration - INFO - Using data directory: H:\ai binance\user_data\data\bitget ...
2026-03-30 02:45:57,470 - freqtrade.exchange.check_exchange - INFO - Checking exchange...
2026-03-30 02:45:57,477 - freqtrade.exchange.check_exchange - INFO - Exchange "bitget" is officially supported by the Freqtrade development team.
2026-03-30 02:45:57,478 - freqtrade.configuration.configuration - INFO - Using pairlist from configuration.
2026-03-30 02:45:57,479 - freqtrade.exchange.exchange - INFO - Instance is running with dry_run enabled
2026-03-30 02:45:57,479 - freqtrade.exchange.exchange - INFO - Using CCXT 4.5.45
2026-03-30 02:45:57,493 - freqtrade.exchange.exchange - INFO - Using Exchange "Bitget"
2026-03-30 02:45:57,494 - freqtrade.exchange.exchange - DEBUG - Performing scheduled market reload..
2026-03-30 02:45:59,573 - freqtrade.resolvers.exchange_resolver - INFO - Using resolved exchange 'Bitget'...
2026-03-30 02:45:59,573 - freqtrade.resolvers.iresolver - DEBUG - Searching for IStrategy OllamaHybridStrategy in 'H:\ai binance\user_data\strategies'
2026-03-30 02:45:59,574 - freqtrade.resolvers.iresolver - DEBUG - Ignoring H:\ai binance\user_data\strategies\__pycache__
2026-03-30 02:45:59,575 - freqtrade.resolvers.iresolver - DEBUG - Ignoring H:\ai binance\user_data\strategies\archive
2026-03-30 02:45:59,587 - freqtrade.resolvers.iresolver - INFO - Using resolved strategy OllamaHybridStrategy from 'H:\ai binance\user_data\strategies\OllamaHybridStrategy.py'...
2026-03-30 02:45:59,589 - freqtrade.strategy.hyper - INFO - Found no parameter file.
2026-03-30 02:45:59,589 - freqtrade.resolvers.strategy_resolver - INFO - Override strategy 'stake_currency' with value from the configuration: USDC.
2026-03-30 02:45:59,590 - freqtrade.resolvers.strategy_resolver - INFO - Override strategy 'stake_amount' with value from the configuration: 15.
2026-03-30 02:45:59,590 - freqtrade.resolvers.strategy_resolver - INFO - Override strategy 'unfilledtimeout' with value from the configuration: {'entry': 10, 'exit': 30}.
2026-03-30 02:45:59,591 - freqtrade.resolvers.strategy_resolver - INFO - Override strategy 'max_open_trades' with value from the configuration: 3.
2026-03-30 02:45:59,591 - freqtrade.resolvers.strategy_resolver - INFO - Strategy using minimal_roi: {'0': 0.05}
2026-03-30 02:45:59,592 - freqtrade.resolvers.strategy_resolver - INFO - Strategy using timeframe: 5m
2026-03-30 02:45:59,592 - freqtrade.resolvers.strategy_resolver - INFO - Strategy using stoploss: -0.1
2026-03-30 02:45:59,593 - freqtrade.resolvers.strategy_resolver - INFO - Strategy using trailing_stop: False
2026-03-30 02:45:59,593 - freqtrade.resolvers.strategy_resolver - INFO - Strategy using trailing_stop_positive_offset: 0.0
2026-03-30 02:45:59,594 - freqtrade.resolvers.strategy_resolver - INFO - Strategy using trailing_only_offset_is_reached: False
2026-03-30 02:45:59,594 - freqtrade.resolvers.strategy_resolver - INFO - Strategy using use_custom_stoploss: False
2026-03-30 02:45:59,595 - freqtrade.resolvers.strategy_resolver - INFO - Strategy using process_only_new_candles: True
2026-03-30 02:45:59,595 - freqtrade.resolvers.strategy_resolver - INFO - Strategy using order_types: {'entry': 'limit', 'exit': 'limit', 'stoploss': 'limit', 'stoploss_on_exchange': False, 'stoploss_on_exchange_interval': 60}
2026-03-30 02:45:59,596 - freqtrade.resolvers.strategy_resolver - INFO - Strategy using order_time_in_force: {'entry': 'GTC', 'exit': 'GTC'}
2026-03-30 02:45:59,597 - freqtrade.resolvers.strategy_resolver - INFO - Strategy using stake_currency: USDC
2026-03-30 02:45:59,597 - freqtrade.resolvers.strategy_resolver - INFO - Strategy using stake_amount: 15
2026-03-30 02:45:59,598 - freqtrade.resolvers.strategy_resolver - INFO - Strategy using startup_candle_count: 20
2026-03-30 02:45:59,598 - freqtrade.resolvers.strategy_resolver - INFO - Strategy using unfilledtimeout: {'entry': 10, 'exit': 30}
2026-03-30 02:45:59,600 - freqtrade.resolvers.strategy_resolver - INFO - Strategy using use_exit_signal: True
2026-03-30 02:45:59,601 - freqtrade.resolvers.strategy_resolver - INFO - Strategy using exit_profit_only: False
2026-03-30 02:45:59,601 - freqtrade.resolvers.strategy_resolver - INFO - Strategy using ignore_roi_if_entry_signal: False
2026-03-30 02:45:59,602 - freqtrade.resolvers.strategy_resolver - INFO - Strategy using exit_profit_offset: 0.0
2026-03-30 02:45:59,602 - freqtrade.resolvers.strategy_resolver - INFO - Strategy using disable_dataframe_checks: False
2026-03-30 02:45:59,603 - freqtrade.resolvers.strategy_resolver - INFO - Strategy using ignore_buying_expired_candle_after: 0
2026-03-30 02:45:59,603 - freqtrade.resolvers.strategy_resolver - INFO - Strategy using position_adjustment_enable: False
2026-03-30 02:45:59,604 - freqtrade.resolvers.strategy_resolver - INFO - Strategy using max_entry_position_adjustment: -1
2026-03-30 02:45:59,605 - freqtrade.resolvers.strategy_resolver - INFO - Strategy using max_open_trades: 3
2026-03-30 02:45:59,605 - freqtrade.configuration.config_validation - INFO - Validating configuration ...
2026-03-30 02:45:59,611 - freqtrade.configuration.config_validation - CRITICAL - Invalid configuration. Reason: 'token' is a required property

Failed validating 'required' in schema['properties']['telegram']:
    {'description': 'Telegram settings.',
     'type': 'object',
     'properties': {'enabled': {'description': 'Enable Telegram '
                                               'notifications.',
                                'type': 'boolean'},
                    'token': {'description': 'Telegram bot token.',
                              'type': 'string'},
                    'chat_id': {'description': 'Telegram chat or group ID. '
                                               'Recommended to be set via '
                                               'environment variable '
                                               'FREQTRADE__TELEGRAM__CHAT_ID',
                                'type': 'string'},
                    'topic_id': {'description': 'Telegram topic ID - only '
                                                'applicable for group '
                                                'chats. Recommended to be '
                                                'set via environment '
                                                'variable '
                                                'FREQTRADE__TELEGRAM__TOPIC_ID',
                                 'type': 'string'},
                    'authorized_users': {'description': 'Authorized users '
                                                        'for the bot.',
                                         'type': 'array',
                                         'items': {'type': 'string'},
                                         'uniqueItems': True},
                    'allow_custom_messages': {'description': 'Allow '
                                                             'sending '
                                                             'custom '
                                                             'messages '
                                                             'from the '
                                                             'Strategy.',
                                              'type': 'boolean',
                                              'default': True},
                    'balance_dust_level': {'description': 'Minimum balance '
                                                          'level to '
                                                          'consider as '
                                                          'dust.',
                                           'type': 'number',
                                           'minimum': 0.0},
                    'notification_settings': {'description': 'Settings for '
                                                             'different '
                                                             'types of '
                                                             'notifications.',
                                              'type': 'object',
                                              'default': {'entry_fill': 'off',
                                                          'exit_fill': 'on',
                                                          'protection_trigger': 'on',
                                                          'protection_trigger_global': 'on'},
                                              'properties': {'status': {'description': 'Telegram '
                                                                                       'setting '
                                                                                       'for '
                                                                                       'status '
                                                                                       'updates.',
                                                                        'type': 'string',
                                                                        'enum': ['on',
                                                                                 'off',
                                                                                 'silent']},
                                                             'warning': {'description': 'Telegram '
                                                                                        'setting '
                                                                                        'for '
                                                                                        'warnings.',
                                                                         'type': 'string',
                                                                         'enum': ['on',
                                                                                  'off',
                                                                                  'silent']},
                                                             'startup': {'description': 'Telegram '
                                                                                        'setting '
                                                                                        'for '
                                                                                        'startup '
                                                                                        'messages.',
                                                                         'type': 'string',
                                                                         'enum': ['on',
                                                                                  'off',
                                                                                  'silent']},
                                                             'entry': {'description': 'Telegram '
                                                                                      'setting '
                                                                                      'for '
                                                                                      'entry '
                                                                                      'signals.',
                                                                       'type': 'string',
                                                                       'enum': ['on',
                                                                                'off',
                                                                                'silent']},
                                                             'entry_fill': {'description': 'Telegram '
                                                                                           'setting '
                                                                                           'for '
                                                                                           'entry '
                                                                                           'fill '
                                                                                           'signals.',
                                                                            'type': 'string',
                                                                            'enum': ['on',
                                                                                     'off',
                                                                                     'silent'],
                                                                            'default': 'off'},
                                                             'entry_cancel': {'description': 'Telegram '
                                                                                             'setting '
                                                                                             'for '
                                                                                             'entry '
                                                                                             'cancel '
                                                                                             'signals.',
                                                                              'type': 'string',
                                                                              'enum': ['on',
                                                                                       'off',
                                                                                       'silent']},
                                                             'exit': {'description': 'Telegram '
                                                                                     'setting '
                                                                                     'for '
                                                                                     'exit '
                                                                                     'signals.',
                                                                      'type': ['string',
                                                                               'object'],
                                                                      'additionalProperties': {'type': 'string',
                                                                                               'enum': ['on',
                                                                                                        'off',
                                                                                                        'silent']}},
                                                             'exit_fill': {'description': 'Telegram '
                                                                                          'setting '
                                                                                          'for '
                                                                                          'exit '
                                                                                          'fill '
                                                                                          'signals.',
                                                                           'type': ['string',
                                                                                    'object'],
                                                                           'additionalProperties': {'type': 'string',
                                                                                                    'enum': ['on',
                                                                                                             'off',
                                                                                                             'silent']},
                                                                           'default': 'on'},
                                                             'exit_cancel': {'description': 'Telegram '
                                                                                            'setting '
                                                                                            'for '
                                                                                            'exit '
                                                                                            'cancel '
                                                                                            'signals.',
                                                                             'type': 'string',
                                                                             'enum': ['on',
                                                                                      'off',
                                                                                      'silent']},
                                                             'protection_trigger': {'description': 'Telegram '
                                                                                                   'setting '
                                                                                                   'for '
                                                                                                   'protection '
                                                                                                   'triggers.',
                                                                                    'type': 'string',
                                                                                    'enum': ['on',
                                                                                             'off',
                                                                                             'silent'],
                                                                                    'default': 'on'},
                                                             'protection_trigger_global': {'description': 'Telegram '
                                                                                                          'setting '
                                                                                                          'for '
                                                                                                          'global '
                                                                                                          'protection '
                                                                                                          'triggers.',
                                                                                           'type': 'string',
                                                                                           'enum': ['on',
                                                                                                    'off',
                                                                                                    'silent'],
                                                                                           'default': 'on'}}},
                    'reload': {'description': 'Add Reload button to '
                                              'certain messages.',
                               'type': 'boolean'}},
     'required': ['enabled', 'token', 'chat_id']}

On instance['telegram']:
    {'enabled': True,
     'chat_id': '493500037',
     'allow_custom_messages': True,
     'notification_settings': {'entry_fill': 'off',
                               'exit_fill': 'on',
                               'protection_trigger': 'on',
                               'protection_trigger_global': 'on'}}
2026-03-30 02:45:59,619 - freqtrade - ERROR - Configuration error: 'token' is a required property
Please make sure to review the documentation at https://www.freqtrade.io/en/stable.
2026-03-30 02:45:59,690 - freqtrade.exchange.exchange - DEBUG - Exchange object destroyed, closing async loop
2026-03-30 02:45:59,691 - freqtrade.exchange.exchange - DEBUG - Closing async ccxt session.
