2026-03-29 18:40:21,801 DEBUG - Starting WinSW in console mode
2026-03-29 18:40:22,494 DEBUG - Starting WinSW in console mode
2026-03-29 18:40:22,535 INFO  - Installing service 'V8.1 AI Live Guard (V8-LiveGuard)'...
2026-03-29 18:40:22,578 INFO  - Service 'V8.1 AI Live Guard (V8-LiveGuard)' was installed successfully.
2026-03-29 18:42:05,941 DEBUG - Starting WinSW in console mode
2026-03-29 18:42:06,638 DEBUG - Starting WinSW in console mode
2026-03-29 18:42:06,680 INFO  - Installing service 'V8.1 AI Live Guard (V8-LiveGuard)'...
2026-03-29 18:42:06,685 ERROR - A service with ID 'V8-LiveGuard' already exists.
2026-03-29 18:42:06,687 FATAL - Failed to install the service. Servizio specificato già esistente.
2026-03-29 19:18:49,053 DEBUG - Starting WinSW in service mode
2026-03-29 19:18:49,214 INFO  - Starting python services/live_guard.py
2026-03-29 19:18:49,244 INFO  - Started process 24688
2026-03-29 19:18:49,260 DEBUG - Forwarding logs of the process System.Diagnostics.Process (python) to WinSW.RollingLogAppender
2026-03-29 19:19:24,335 DEBUG - Starting WinSW in console mode
2026-03-29 19:19:24,998 DEBUG - Starting WinSW in console mode
2026-03-29 19:19:25,038 INFO  - Installing service 'V8.1 AI Live Guard (V8-LiveGuard)'...
2026-03-29 19:19:25,043 ERROR - A service with ID 'V8-LiveGuard' already exists.
2026-03-29 19:19:25,045 FATAL - Failed to install the service. Servizio specificato già esistente.
2026-03-29 21:18:16,084 DEBUG - Starting WinSW in console mode
2026-03-29 21:18:16,739 DEBUG - Starting WinSW in console mode
2026-03-29 21:18:16,775 INFO  - Installing service 'V8.1 AI Live Guard (V8-LiveGuard)'...
2026-03-29 21:18:16,780 ERROR - A service with ID 'V8-LiveGuard' already exists.
2026-03-29 21:18:16,782 FATAL - Failed to install the service. Servizio specificato già esistente.
2026-03-29 23:49:06,767 DEBUG - Starting WinSW in service mode
2026-03-29 23:49:06,997 INFO  - Starting python services/live_guard.py
2026-03-29 23:49:07,042 INFO  - Started process 448
2026-03-29 23:49:07,062 DEBUG - Forwarding logs of the process System.Diagnostics.Process (python) to WinSW.RollingLogAppender
2026-03-30 22:53:07,353 DEBUG - Starting WinSW in service mode
2026-03-30 22:53:07,597 INFO  - Starting python services/live_guard.py
2026-03-30 22:53:07,640 INFO  - Started process 9440
2026-03-30 22:53:07,666 DEBUG - Forwarding logs of the process System.Diagnostics.Process (python) to WinSW.RollingLogAppender
2026-03-31 19:43:23,130 DEBUG - Starting WinSW in service mode
2026-03-31 19:43:23,343 INFO  - Starting python services/live_guard.py
2026-03-31 19:43:23,384 INFO  - Started process 4908
2026-03-31 19:43:23,399 DEBUG - Forwarding logs of the process System.Diagnostics.Process (python) to WinSW.RollingLogAppender
